<?xml version="1.0" encoding="UTF-8"?>
<testsuite xmlns:xsi="http://www.w3.org/2001/XMLSchema-instance" xsi:noNamespaceSchemaLocation="https://maven.apache.org/surefire/maven-surefire-plugin/xsd/surefire-test-report-3.0.xsd" version="3.0" name="Rerunning failed scenarios" time="5.31" tests="4" errors="0" skipped="0" failures="2">
  <properties>
[...]
</properties>
  <testcase name="one" classname="Rerunning failed scenarios" time="0.005">
    <system-out><![CDATA[BEFORE- setUpScenario method is running before scenario: one
User adds two numbers
Result should be as expected
AFTER - tearDown method is running after scenario: one
]]></system-out>
  </testcase>
  <testcase name="two" classname="Rerunning failed scenarios" time="2.819">
    <failure message="expected:&lt;5&gt; but was:&lt;10&gt;" type="java.lang.AssertionError"><![CDATA[java.lang.AssertionError: expected:<5> but was:<10>
]]></failure>
    <system-out><![CDATA[BEFORE- setUpScenario method is running before scenario: two
User adds three numbers
Result should be sum of three numbers
AFTER - tearDown method is running after scenario: two
]]></system-out>
    <system-err><![CDATA[Starting ChromeDriver 96.0.4664.45 (76e4c1bb2ab4671b8beba3444e61c0f17584b2fc-refs/branch-heads/4664@{#947}) on port 53828
Only local connections are allowed.
Please see https://chromedriver.chromium.org/security-considerations for suggestions on keeping ChromeDriver safe.
ChromeDriver was started successfully.
Jan 04, 2022 1:59:18 PM org.openqa.selenium.remote.ProtocolHandshake createSession
INFO: Detected dialect: W3C
Jan 04, 2022 1:59:18 PM org.openqa.selenium.devtools.CdpVersionFinder findNearestMatch
INFO: Found exact CDP implementation for version 96
]]></system-err>
  </testcase>
  <testcase name="three" classname="Rerunning failed scenarios" time="0.009">
    <system-out><![CDATA[BEFORE- setUpScenario method is running before scenario: three
User divides two numbers
Result should be division result
AFTER - tearDown method is running after scenario: three
]]></system-out>
  </testcase>
  <testcase name="four" classname="Rerunning failed scenarios" time="2.476">
    <failure message="expected:&lt;22&gt; but was:&lt;21&gt;" type="java.lang.AssertionError"><![CDATA[java.lang.AssertionError: expected:<22> but was:<21>
]]></failure>
    <system-out><![CDATA[BEFORE- setUpScenario method is running before scenario: four
User multiplies two numbers
Result should be multiplication result
AFTER - tearDown method is running after scenario: four
]]></system-out>
    <system-err><![CDATA[Starting ChromeDriver 96.0.4664.45 (76e4c1bb2ab4671b8beba3444e61c0f17584b2fc-refs/branch-heads/4664@{#947}) on port 58151
Only local connections are allowed.
Please see https://chromedriver.chromium.org/security-considerations for suggestions on keeping ChromeDriver safe.
ChromeDriver was started successfully.
Jan 04, 2022 1:59:21 PM org.openqa.selenium.remote.ProtocolHandshake createSession
INFO: Detected dialect: W3C
Jan 04, 2022 1:59:21 PM org.openqa.selenium.devtools.CdpVersionFinder findNearestMatch
INFO: Found exact CDP implementation for version 96
]]></system-err>
  </testcase>
</testsuite>